Warning: This is a simple server for use in testing or debugging Angular applications
locally. It hasn't been reviewed for security issues.

Binding this server to an open connection can result in compromising your application or
computer. Using a different host than the one passed to the "--host" flag might result in
websocket connection issues. You might need to use "--disable-host-check" if that's the
case.
    
Application bundle generation failed. [18.791 seconds]
✘ [ERROR] TS-992012: Component imports must be standalone components, directives, pipes, or must be NgModules. [plugin angular-compiler]

    src/app/app.component.ts:22:4:
      22 │     ProductsComponent,
         ╵     ~~~~~~~~~~~~~~~~~


✘ [ERROR] Unexpected ";"

    src/app/components/products/products.component.ts:21:17:
      21 │     width: 100 % ;
         ╵                  ^


✘ [ERROR] TS1005: ',' expected. [plugin angular-compiler]

    src/app/components/products/products.component.ts:202:19:
      202 │     .products-grid {
          ╵                    ^


✘ [ERROR] TS1005: ',' expected. [plugin angular-compiler]

    src/app/components/products/products.component.ts:203:19:
      203 │       display: grid;
          ╵                    ^


✘ [ERROR] TS1005: ',' expected. [plugin angular-compiler]

    src/app/components/products/products.component.ts:204:10:
      204 │       grid-template-columns: repeat(auto-fill, minmax(280px, 1fr));
          ╵           ^


✘ [ERROR] TS1005: ',' expected. [plugin angular-compiler]

    src/app/components/products/products.component.ts:204:27:
      204 │       grid-template-columns: repeat(auto-fill, minmax(280px, 1fr));
          ╵                            ^


✘ [ERROR] TS1351: An identifier or keyword cannot immediately follow a numeric literal. [plugin angular-compiler]

    src/app/components/products/products.component.ts:204:57:
      204 │       grid-template-columns: repeat(auto-fill, minmax(280px, 1fr));
          ╵                                                          ~~


✘ [ERROR] TS1351: An identifier or keyword cannot immediately follow a numeric literal. [plugin angular-compiler]

    src/app/components/products/products.component.ts:204:62:
      204 │       grid-template-columns: repeat(auto-fill, minmax(280px, 1fr));
          ╵                                                               ~~


✘ [ERROR] TS1005: ',' expected. [plugin angular-compiler]

    src/app/components/products/products.component.ts:204:66:
      204 │       grid-template-columns: repeat(auto-fill, minmax(280px, 1fr));
          ╵                                                                   ^


✘ [ERROR] TS1351: An identifier or keyword cannot immediately follow a numeric literal. [plugin angular-compiler]

    src/app/components/products/products.component.ts:205:12:
      205 │       gap: 2rem;
          ╵             ~~~


✘ [ERROR] TS1005: ',' expected. [plugin angular-compiler]

    src/app/components/products/products.component.ts:205:15:
      205 │       gap: 2rem;
          ╵                ^


✘ [ERROR] TS1351: An identifier or keyword cannot immediately follow a numeric literal. [plugin angular-compiler]

    src/app/components/products/products.component.ts:206:16:
      206 │       padding: 2rem 0;
          ╵                 ~~~


✘ [ERROR] TS1005: ',' expected. [plugin angular-compiler]

    src/app/components/products/products.component.ts:206:20:
      206 │       padding: 2rem 0;
          ╵                     ^


✘ [ERROR] TS1005: ':' expected. [plugin angular-compiler]

    src/app/components/products/products.component.ts:206:21:
      206 │       padding: 2rem 0;
          ╵                      ^


✘ [ERROR] TS1005: ',' expected. [plugin angular-compiler]

    src/app/components/products/products.component.ts:209:18:
      209 │     .product-card {
          ╵                   ^


✘ [ERROR] TS1005: ',' expected. [plugin angular-compiler]

    src/app/components/products/products.component.ts:210:23:
      210 │       background: white;
          ╵                        ^


✘ [ERROR] TS1005: ',' expected. [plugin angular-compiler]

    src/app/components/products/products.component.ts:211:12:
      211 │       border-radius: 8px;
          ╵             ^


✘ [ERROR] TS1005: ',' expected. [plugin angular-compiler]

    src/app/components/products/products.component.ts:211:19:
      211 │       border-radius: 8px;
          ╵                    ^


✘ [ERROR] TS1351: An identifier or keyword cannot immediately follow a numeric literal. [plugin angular-compiler]

    src/app/components/products/products.component.ts:211:22:
      211 │       border-radius: 8px;
          ╵                       ~~


✘ [ERROR] TS1005: ')' expected. [plugin angular-compiler]

    src/app/components/products/products.component.ts:211:24:
      211 │       border-radius: 8px;
          ╵                         ^


✘ [ERROR] TS2304: Cannot find name 'box'. [plugin angular-compiler]

    src/app/components/products/products.component.ts:212:6:
      212 │       box-shadow: 0 2px 4px rgba(0,0,0,0.1);
          ╵       ~~~


✘ [ERROR] TS2304: Cannot find name 'shadow'. [plugin angular-compiler]

    src/app/components/products/products.component.ts:212:10:
      212 │       box-shadow: 0 2px 4px rgba(0,0,0,0.1);
          ╵           ~~~~~~


✘ [ERROR] TS1005: ';' expected. [plugin angular-compiler]

    src/app/components/products/products.component.ts:212:16:
      212 │       box-shadow: 0 2px 4px rgba(0,0,0,0.1);
          ╵                 ^


✘ [ERROR] TS1005: ';' expected. [plugin angular-compiler]

    src/app/components/products/products.component.ts:212:20:
      212 │       box-shadow: 0 2px 4px rgba(0,0,0,0.1);
          ╵                     ^


✘ [ERROR] TS1005: ';' expected. [plugin angular-compiler]

    src/app/components/products/products.component.ts:212:21:
      212 │       box-shadow: 0 2px 4px rgba(0,0,0,0.1);
          ╵                      ~~


✘ [ERROR] TS1351: An identifier or keyword cannot immediately follow a numeric literal. [plugin angular-compiler]

    src/app/components/products/products.component.ts:212:21:
      212 │       box-shadow: 0 2px 4px rgba(0,0,0,0.1);
          ╵                      ~~


✘ [ERROR] TS1434: Unexpected keyword or identifier. [plugin angular-compiler]

    src/app/components/products/products.component.ts:212:21:
      212 │       box-shadow: 0 2px 4px rgba(0,0,0,0.1);
          ╵                      ~~


✘ [ERROR] TS2304: Cannot find name 'px'. [plugin angular-compiler]

    src/app/components/products/products.component.ts:212:21:
      212 │       box-shadow: 0 2px 4px rgba(0,0,0,0.1);
          ╵                      ~~


✘ [ERROR] TS1005: ';' expected. [plugin angular-compiler]

    src/app/components/products/products.component.ts:212:25:
      212 │       box-shadow: 0 2px 4px rgba(0,0,0,0.1);
          ╵                          ~~


✘ [ERROR] TS1351: An identifier or keyword cannot immediately follow a numeric literal. [plugin angular-compiler]

    src/app/components/products/products.component.ts:212:25:
      212 │       box-shadow: 0 2px 4px rgba(0,0,0,0.1);
          ╵                          ~~


✘ [ERROR] TS2304: Cannot find name 'px'. [plugin angular-compiler]

    src/app/components/products/products.component.ts:212:25:
      212 │       box-shadow: 0 2px 4px rgba(0,0,0,0.1);
          ╵                          ~~


✘ [ERROR] TS2304: Cannot find name 'rgba'. [plugin angular-compiler]

    src/app/components/products/products.component.ts:212:28:
      212 │       box-shadow: 0 2px 4px rgba(0,0,0,0.1);
          ╵                             ~~~~


✘ [ERROR] TS2304: Cannot find name 'hidden'. [plugin angular-compiler]

    src/app/components/products/products.component.ts:213:16:
      213 │       overflow: hidden;
          ╵                 ~~~~~~


✘ [ERROR] TS1434: Unexpected keyword or identifier. [plugin angular-compiler]

    src/app/components/products/products.component.ts:214:18:
      214 │       transition: transform 0.2s;
          ╵                   ~~~~~~~~~


✘ [ERROR] TS2552: Cannot find name 'transform'. Did you mean 'SVGTransform'? [plugin angular-compiler]

    src/app/components/products/products.component.ts:214:18:
      214 │       transition: transform 0.2s;
          ╵                   ~~~~~~~~~

  'SVGTransform' is declared here.

    node_modules/typescript/lib/lib.dom.d.ts:20851:12:
      20851 │ declare var SVGTransform: {
            ╵             ~~~~~~~~~~~~


✘ [ERROR] TS1005: ';' expected. [plugin angular-compiler]

    src/app/components/products/products.component.ts:214:31:
      214 │       transition: transform 0.2s;
          ╵                                ^


✘ [ERROR] TS1351: An identifier or keyword cannot immediately follow a numeric literal. [plugin angular-compiler]

    src/app/components/products/products.component.ts:214:31:
      214 │       transition: transform 0.2s;
          ╵                                ^


✘ [ERROR] TS2304: Cannot find name 's'. [plugin angular-compiler]

    src/app/components/products/products.component.ts:214:31:
      214 │       transition: transform 0.2s;
          ╵                                ^


✘ [ERROR] TS1128: Declaration or statement expected. [plugin angular-compiler]

    src/app/components/products/products.component.ts:215:4:
      215 │     }
          ╵     ^


✘ [ERROR] TS1128: Declaration or statement expected. [plugin angular-compiler]

    src/app/components/products/products.component.ts:217:4:
      217 │     .product-card:hover {
          ╵     ^


✘ [ERROR] TS2304: Cannot find name 'product'. [plugin angular-compiler]

    src/app/components/products/products.component.ts:217:5:
      217 │     .product-card:hover {
          ╵      ~~~~~~~


✘ [ERROR] TS2304: Cannot find name 'card'. [plugin angular-compiler]

    src/app/components/products/products.component.ts:217:13:
      217 │     .product-card:hover {
          ╵              ~~~~


✘ [ERROR] TS1005: ';' expected. [plugin angular-compiler]

    src/app/components/products/products.component.ts:217:17:
      217 │     .product-card:hover {
          ╵                  ^


✘ [ERROR] TS1434: Unexpected keyword or identifier. [plugin angular-compiler]

    src/app/components/products/products.component.ts:217:18:
      217 │     .product-card:hover {
          ╵                   ~~~~~


✘ [ERROR] TS2304: Cannot find name 'hover'. [plugin angular-compiler]

    src/app/components/products/products.component.ts:217:18:
      217 │     .product-card:hover {
          ╵                   ~~~~~


✘ [ERROR] TS2304: Cannot find name 'translateY'. [plugin angular-compiler]

    src/app/components/products/products.component.ts:218:17:
      218 │       transform: translateY(-5px);
          ╵                  ~~~~~~~~~~


✘ [ERROR] TS1351: An identifier or keyword cannot immediately follow a numeric literal. [plugin angular-compiler]

    src/app/components/products/products.component.ts:218:30:
      218 │       transform: translateY(-5px);
          ╵                               ~~


✘ [ERROR] TS2304: Cannot find name 'px'. [plugin angular-compiler]

    src/app/components/products/products.component.ts:218:30:
      218 │       transform: translateY(-5px);
          ╵                               ~~


✘ [ERROR] TS1128: Declaration or statement expected. [plugin angular-compiler]

    src/app/components/products/products.component.ts:221:4:
      221 │     .product-card img {
          ╵     ^


✘ [ERROR] TS2304: Cannot find name 'product'. [plugin angular-compiler]

    src/app/components/products/products.component.ts:221:5:
      221 │     .product-card img {
          ╵      ~~~~~~~


✘ [ERROR] TS2304: Cannot find name 'card'. [plugin angular-compiler]

    src/app/components/products/products.component.ts:221:13:
      221 │     .product-card img {
          ╵              ~~~~


✘ [ERROR] TS1005: ';' expected. [plugin angular-compiler]

    src/app/components/products/products.component.ts:221:18:
      221 │     .product-card img {
          ╵                   ~~~


✘ [ERROR] TS2304: Cannot find name 'img'. [plugin angular-compiler]

    src/app/components/products/products.component.ts:221:18:
      221 │     .product-card img {
          ╵                   ~~~


✘ [ERROR] TS1109: Expression expected. [plugin angular-compiler]

    src/app/components/products/products.component.ts:222:17:
      222 │       width: 100%;
          ╵                  ^


✘ [ERROR] TS1351: An identifier or keyword cannot immediately follow a numeric literal. [plugin angular-compiler]

    src/app/components/products/products.component.ts:223:17:
      223 │       height: 200px;
          ╵                  ~~


✘ [ERROR] TS2304: Cannot find name 'px'. [plugin angular-compiler]

    src/app/components/products/products.component.ts:223:17:
      223 │       height: 200px;
          ╵                  ~~


✘ [ERROR] TS2304: Cannot find name 'object'. [plugin angular-compiler]

    src/app/components/products/products.component.ts:224:6:
      224 │       object-fit: contain;
          ╵       ~~~~~~


✘ [ERROR] TS2304: Cannot find name 'fit'. [plugin angular-compiler]

    src/app/components/products/products.component.ts:224:13:
      224 │       object-fit: contain;
          ╵              ~~~


✘ [ERROR] TS1005: ';' expected. [plugin angular-compiler]

    src/app/components/products/products.component.ts:224:16:
      224 │       object-fit: contain;
          ╵                 ^


✘ [ERROR] TS2304: Cannot find name 'contain'. [plugin angular-compiler]

    src/app/components/products/products.component.ts:224:18:
      224 │       object-fit: contain;
          ╵                   ~~~~~~~


✘ [ERROR] TS1351: An identifier or keyword cannot immediately follow a numeric literal. [plugin angular-compiler]

    src/app/components/products/products.component.ts:225:16:
      225 │       padding: 1rem;
          ╵                 ~~~


✘ [ERROR] TS2304: Cannot find name 'rem'. [plugin angular-compiler]

    src/app/components/products/products.component.ts:225:16:
      225 │       padding: 1rem;
          ╵                 ~~~


✘ [ERROR] TS1128: Declaration or statement expected. [plugin angular-compiler]

    src/app/components/products/products.component.ts:228:4:
      228 │     .product-info {
          ╵     ^


✘ [ERROR] TS2304: Cannot find name 'product'. [plugin angular-compiler]

    src/app/components/products/products.component.ts:228:5:
      228 │     .product-info {
          ╵      ~~~~~~~


✘ [ERROR] TS2304: Cannot find name 'info'. [plugin angular-compiler]

    src/app/components/products/products.component.ts:228:13:
      228 │     .product-info {
          ╵              ~~~~


✘ [ERROR] TS1005: ';' expected. [plugin angular-compiler]

    src/app/components/products/products.component.ts:228:18:
      228 │     .product-info {
          ╵                   ^


✘ [ERROR] TS1351: An identifier or keyword cannot immediately follow a numeric literal. [plugin angular-compiler]

    src/app/components/products/products.component.ts:229:18:
      229 │       padding: 1.5rem;
          ╵                   ~~~


✘ [ERROR] TS2304: Cannot find name 'rem'. [plugin angular-compiler]

    src/app/components/products/products.component.ts:229:18:
      229 │       padding: 1.5rem;
          ╵                   ~~~


✘ [ERROR] TS1128: Declaration or statement expected. [plugin angular-compiler]

    src/app/components/products/products.component.ts:232:4:
      232 │     .product-info h3 {
          ╵     ^


✘ [ERROR] TS2304: Cannot find name 'product'. [plugin angular-compiler]

    src/app/components/products/products.component.ts:232:5:
      232 │     .product-info h3 {
          ╵      ~~~~~~~


✘ [ERROR] TS2304: Cannot find name 'info'. [plugin angular-compiler]

    src/app/components/products/products.component.ts:232:13:
      232 │     .product-info h3 {
          ╵              ~~~~


✘ [ERROR] TS1005: ';' expected. [plugin angular-compiler]

    src/app/components/products/products.component.ts:232:18:
      232 │     .product-info h3 {
          ╵                   ~~


✘ [ERROR] TS2304: Cannot find name 'h3'. [plugin angular-compiler]

    src/app/components/products/products.component.ts:232:18:
      232 │     .product-info h3 {
          ╵                   ~~


✘ [ERROR] TS1005: ';' expected. [plugin angular-compiler]

    src/app/components/products/products.component.ts:233:16:
      233 │       margin: 0 0 0.5rem;
          ╵                 ^


✘ [ERROR] TS1005: ';' expected. [plugin angular-compiler]

    src/app/components/products/products.component.ts:233:18:
      233 │       margin: 0 0 0.5rem;
          ╵                   ~~~


✘ [ERROR] TS1005: ';' expected. [plugin angular-compiler]

    src/app/components/products/products.component.ts:233:21:
      233 │       margin: 0 0 0.5rem;
          ╵                      ~~~


✘ [ERROR] TS1351: An identifier or keyword cannot immediately follow a numeric literal. [plugin angular-compiler]

    src/app/components/products/products.component.ts:233:21:
      233 │       margin: 0 0 0.5rem;
          ╵                      ~~~


✘ [ERROR] TS2304: Cannot find name 'rem'. [plugin angular-compiler]

    src/app/components/products/products.component.ts:233:21:
      233 │       margin: 0 0 0.5rem;
          ╵                      ~~~


✘ [ERROR] TS2304: Cannot find name 'font'. [plugin angular-compiler]

    src/app/components/products/products.component.ts:234:6:
      234 │       font-size: 1.25rem;
          ╵       ~~~~


✘ [ERROR] TS2304: Cannot find name 'size'. [plugin angular-compiler]

    src/app/components/products/products.component.ts:234:11:
      234 │       font-size: 1.25rem;
          ╵            ~~~~


✘ [ERROR] TS1005: ';' expected. [plugin angular-compiler]

    src/app/components/products/products.component.ts:234:15:
      234 │       font-size: 1.25rem;
          ╵                ^


✘ [ERROR] TS1351: An identifier or keyword cannot immediately follow a numeric literal. [plugin angular-compiler]

    src/app/components/products/products.component.ts:234:21:
      234 │       font-size: 1.25rem;
          ╵                      ~~~


✘ [ERROR] TS2304: Cannot find name 'rem'. [plugin angular-compiler]

    src/app/components/products/products.component.ts:234:21:
      234 │       font-size: 1.25rem;
          ╵                      ~~~


✘ [ERROR] TS1128: Declaration or statement expected. [plugin angular-compiler]

    src/app/components/products/products.component.ts:237:4:
      237 │     .brand, .condition {
          ╵     ^


✘ [ERROR] TS2304: Cannot find name 'brand'. [plugin angular-compiler]

    src/app/components/products/products.component.ts:237:5:
      237 │     .brand, .condition {
          ╵      ~~~~~


✘ [ERROR] TS2695: Left side of comma operator is unused and has no side effects. [plugin angular-compiler]

    src/app/components/products/products.component.ts:237:5:
      237 │     .brand, .condition {
          ╵      ~~~~~


✘ [ERROR] TS1109: Expression expected. [plugin angular-compiler]

    src/app/components/products/products.component.ts:237:12:
      237 │     .brand, .condition {
          ╵             ^


✘ [ERROR] TS1005: ';' expected. [plugin angular-compiler]

    src/app/components/products/products.component.ts:237:23:
      237 │     .brand, .condition {
          ╵                        ^


✘ [ERROR] TS2304: Cannot find name 'inline'. [plugin angular-compiler]

    src/app/components/products/products.component.ts:238:15:
      238 │       display: inline-block;
          ╵                ~~~~~~


✘ [ERROR] TS2304: Cannot find name 'block'. [plugin angular-compiler]

    src/app/components/products/products.component.ts:238:22:
      238 │       display: inline-block;
          ╵                       ~~~~~


✘ [ERROR] TS1351: An identifier or keyword cannot immediately follow a numeric literal. [plugin angular-compiler]

    src/app/components/products/products.component.ts:239:19:
      239 │       padding: 0.25rem 0.5rem;
          ╵                    ~~~


✘ [ERROR] TS1434: Unexpected keyword or identifier. [plugin angular-compiler]

    src/app/components/products/products.component.ts:239:19:
      239 │       padding: 0.25rem 0.5rem;
          ╵                    ~~~


✘ [ERROR] TS2304: Cannot find name 'rem'. [plugin angular-compiler]

    src/app/components/products/products.component.ts:239:19:
      239 │       padding: 0.25rem 0.5rem;
          ╵                    ~~~


✘ [ERROR] TS1005: ';' expected. [plugin angular-compiler]

    src/app/components/products/products.component.ts:239:26:
      239 │       padding: 0.25rem 0.5rem;
          ╵                           ~~~


✘ [ERROR] TS1351: An identifier or keyword cannot immediately follow a numeric literal. [plugin angular-compiler]

    src/app/components/products/products.component.ts:239:26:
      239 │       padding: 0.25rem 0.5rem;
          ╵                           ~~~


✘ [ERROR] TS2304: Cannot find name 'rem'. [plugin angular-compiler]

    src/app/components/products/products.component.ts:239:26:
      239 │       padding: 0.25rem 0.5rem;
          ╵                           ~~~


✘ [ERROR] TS1351: An identifier or keyword cannot immediately follow a numeric literal. [plugin angular-compiler]

    src/app/components/products/products.component.ts:240:18:
      240 │       margin: 0.25rem;
          ╵                   ~~~


✘ [ERROR] TS2304: Cannot find name 'rem'. [plugin angular-compiler]

    src/app/components/products/products.component.ts:240:18:
      240 │       margin: 0.25rem;
          ╵                   ~~~


✘ [ERROR] TS2304: Cannot find name 'border'. [plugin angular-compiler]

    src/app/components/products/products.component.ts:242:6:
      242 │       border-radius: 4px;
          ╵       ~~~~~~


✘ [ERROR] TS2304: Cannot find name 'radius'. [plugin angular-compiler]

    src/app/components/products/products.component.ts:242:13:
      242 │       border-radius: 4px;
          ╵              ~~~~~~


✘ [ERROR] TS1005: ';' expected. [plugin angular-compiler]

    src/app/components/products/products.component.ts:242:19:
      242 │       border-radius: 4px;
          ╵                    ^


✘ [ERROR] TS1351: An identifier or keyword cannot immediately follow a numeric literal. [plugin angular-compiler]

    src/app/components/products/products.component.ts:242:22:
      242 │       border-radius: 4px;
          ╵                       ~~


✘ [ERROR] TS2304: Cannot find name 'px'. [plugin angular-compiler]

    src/app/components/products/products.component.ts:242:22:
      242 │       border-radius: 4px;
          ╵                       ~~


✘ [ERROR] TS2304: Cannot find name 'font'. [plugin angular-compiler]

    src/app/components/products/products.component.ts:243:6:
      243 │       font-size: 0.875rem;
          ╵       ~~~~


✘ [ERROR] TS2304: Cannot find name 'size'. [plugin angular-compiler]

    src/app/components/products/products.component.ts:243:11:
      243 │       font-size: 0.875rem;
          ╵            ~~~~


✘ [ERROR] TS1005: ';' expected. [plugin angular-compiler]

    src/app/components/products/products.component.ts:243:15:
      243 │       font-size: 0.875rem;
          ╵                ^


✘ [ERROR] TS1351: An identifier or keyword cannot immediately follow a numeric literal. [plugin angular-compiler]

    src/app/components/products/products.component.ts:243:22:
      243 │       font-size: 0.875rem;
          ╵                       ~~~


✘ [ERROR] TS2304: Cannot find name 'rem'. [plugin angular-compiler]

    src/app/components/products/products.component.ts:243:22:
      243 │       font-size: 0.875rem;
          ╵                       ~~~


✘ [ERROR] TS1128: Declaration or statement expected. [plugin angular-compiler]

    src/app/components/products/products.component.ts:246:4:
      246 │     .features {
          ╵     ^


✘ [ERROR] TS1434: Unexpected keyword or identifier. [plugin angular-compiler]

    src/app/components/products/products.component.ts:246:5:
      246 │     .features {
          ╵      ~~~~~~~~


✘ [ERROR] TS2304: Cannot find name 'features'. [plugin angular-compiler]

    src/app/components/products/products.component.ts:246:5:
      246 │     .features {
          ╵      ~~~~~~~~


✘ [ERROR] TS2304: Cannot find name 'list'. [plugin angular-compiler]

    src/app/components/products/products.component.ts:247:6:
      247 │       list-style: none;
          ╵       ~~~~


✘ [ERROR] TS2304: Cannot find name 'style'. [plugin angular-compiler]

    src/app/components/products/products.component.ts:247:11:
      247 │       list-style: none;
          ╵            ~~~~~


✘ [ERROR] TS1005: ';' expected. [plugin angular-compiler]

    src/app/components/products/products.component.ts:247:16:
      247 │       list-style: none;
          ╵                 ^


✘ [ERROR] TS2304: Cannot find name 'none'. [plugin angular-compiler]

    src/app/components/products/products.component.ts:247:18:
      247 │       list-style: none;
          ╵                   ~~~~


✘ [ERROR] TS1351: An identifier or keyword cannot immediately follow a numeric literal. [plugin angular-compiler]

    src/app/components/products/products.component.ts:249:15:
      249 │       margin: 1rem 0;
          ╵                ~~~


✘ [ERROR] TS2304: Cannot find name 'rem'. [plugin angular-compiler]

    src/app/components/products/products.component.ts:249:15:
      249 │       margin: 1rem 0;
          ╵                ~~~


✘ [ERROR] TS1128: Declaration or statement expected. [plugin angular-compiler]

    src/app/components/products/products.component.ts:252:4:
      252 │     .features li {
          ╵     ^


✘ [ERROR] TS1434: Unexpected keyword or identifier. [plugin angular-compiler]

    src/app/components/products/products.component.ts:252:5:
      252 │     .features li {
          ╵      ~~~~~~~~


✘ [ERROR] TS2304: Cannot find name 'features'. [plugin angular-compiler]

    src/app/components/products/products.component.ts:252:5:
      252 │     .features li {
          ╵      ~~~~~~~~


✘ [ERROR] TS1434: Unexpected keyword or identifier. [plugin angular-compiler]

    src/app/components/products/products.component.ts:252:14:
      252 │     .features li {
          ╵               ~~


✘ [ERROR] TS2304: Cannot find name 'li'. [plugin angular-compiler]

    src/app/components/products/products.component.ts:252:14:
      252 │     .features li {
          ╵               ~~


✘ [ERROR] TS1351: An identifier or keyword cannot immediately follow a numeric literal. [plugin angular-compiler]

    src/app/components/products/products.component.ts:253:19:
      253 │       padding: 0.25rem 0;
          ╵                    ~~~


✘ [ERROR] TS2304: Cannot find name 'rem'. [plugin angular-compiler]

    src/app/components/products/products.component.ts:253:19:
      253 │       padding: 0.25rem 0;
          ╵                    ~~~


✘ [ERROR] TS2304: Cannot find name 'font'. [plugin angular-compiler]

    src/app/components/products/products.component.ts:254:6:
      254 │       font-size: 0.875rem;
          ╵       ~~~~


✘ [ERROR] TS2304: Cannot find name 'size'. [plugin angular-compiler]

    src/app/components/products/products.component.ts:254:11:
      254 │       font-size: 0.875rem;
          ╵            ~~~~


✘ [ERROR] TS1005: ';' expected. [plugin angular-compiler]

    src/app/components/products/products.component.ts:254:15:
      254 │       font-size: 0.875rem;
          ╵                ^


✘ [ERROR] TS1351: An identifier or keyword cannot immediately follow a numeric literal. [plugin angular-compiler]

    src/app/components/products/products.component.ts:254:22:
      254 │       font-size: 0.875rem;
          ╵                       ~~~


✘ [ERROR] TS2304: Cannot find name 'rem'. [plugin angular-compiler]

    src/app/components/products/products.component.ts:254:22:
      254 │       font-size: 0.875rem;
          ╵                       ~~~


✘ [ERROR] TS1127: Invalid character. [plugin angular-compiler]

    src/app/components/products/products.component.ts:255:13:
      255 │       color: #666;
          ╵              ^


✘ [ERROR] TS1005: ';' expected. [plugin angular-compiler]

    src/app/components/products/products.component.ts:255:14:
      255 │       color: #666;
          ╵               ~~~


✘ [ERROR] TS1128: Declaration or statement expected. [plugin angular-compiler]

    src/app/components/products/products.component.ts:258:4:
      258 │     .details-btn {
          ╵     ^


✘ [ERROR] TS2304: Cannot find name 'details'. [plugin angular-compiler]

    src/app/components/products/products.component.ts:258:5:
      258 │     .details-btn {
          ╵      ~~~~~~~


✘ [ERROR] TS2304: Cannot find name 'btn'. [plugin angular-compiler]

    src/app/components/products/products.component.ts:258:13:
      258 │     .details-btn {
          ╵              ~~~


✘ [ERROR] TS1005: ';' expected. [plugin angular-compiler]

    src/app/components/products/products.component.ts:258:17:
      258 │     .details-btn {
          ╵                  ^


✘ [ERROR] TS2304: Cannot find name 'inline'. [plugin angular-compiler]

    src/app/components/products/products.component.ts:259:15:
      259 │       display: inline-block;
          ╵                ~~~~~~


✘ [ERROR] TS2304: Cannot find name 'block'. [plugin angular-compiler]

    src/app/components/products/products.component.ts:259:22:
      259 │       display: inline-block;
          ╵                       ~~~~~


✘ [ERROR] TS1351: An identifier or keyword cannot immediately follow a numeric literal. [plugin angular-compiler]

    src/app/components/products/products.component.ts:260:18:
      260 │       padding: 0.5rem 1rem;
          ╵                   ~~~


✘ [ERROR] TS1434: Unexpected keyword or identifier. [plugin angular-compiler]

    src/app/components/products/products.component.ts:260:18:
      260 │       padding: 0.5rem 1rem;
          ╵                   ~~~


✘ [ERROR] TS2304: Cannot find name 'rem'. [plugin angular-compiler]

    src/app/components/products/products.component.ts:260:18:
      260 │       padding: 0.5rem 1rem;
          ╵                   ~~~


✘ [ERROR] TS1005: ';' expected. [plugin angular-compiler]

    src/app/components/products/products.component.ts:260:23:
      260 │       padding: 0.5rem 1rem;
          ╵                        ~~~


✘ [ERROR] TS1351: An identifier or keyword cannot immediately follow a numeric literal. [plugin angular-compiler]

    src/app/components/products/products.component.ts:260:23:
      260 │       padding: 0.5rem 1rem;
          ╵                        ~~~


✘ [ERROR] TS2304: Cannot find name 'rem'. [plugin angular-compiler]

    src/app/components/products/products.component.ts:260:23:
      260 │       padding: 0.5rem 1rem;
          ╵                        ~~~


✘ [ERROR] TS1127: Invalid character. [plugin angular-compiler]

    src/app/components/products/products.component.ts:261:18:
      261 │       background: #0066cc;
          ╵                   ^


✘ [ERROR] TS1121: Octal literals are not allowed. Use the syntax '0o66'. [plugin angular-compiler]

    src/app/components/products/products.component.ts:261:19:
      261 │       background: #0066cc;
          ╵                    ~~~~


✘ [ERROR] TS1005: ';' expected. [plugin angular-compiler]

    src/app/components/products/products.component.ts:261:23:
      261 │       background: #0066cc;
          ╵                        ~~


✘ [ERROR] TS2304: Cannot find name 'cc'. [plugin angular-compiler]

    src/app/components/products/products.component.ts:261:23:
      261 │       background: #0066cc;
          ╵                        ~~


✘ [ERROR] TS2304: Cannot find name 'white'. [plugin angular-compiler]

    src/app/components/products/products.component.ts:262:13:
      262 │       color: white;
          ╵              ~~~~~


✘ [ERROR] TS2304: Cannot find name 'text'. [plugin angular-compiler]

    src/app/components/products/products.component.ts:263:6:
      263 │       text-decoration: none;
          ╵       ~~~~


✘ [ERROR] TS2304: Cannot find name 'decoration'. [plugin angular-compiler]

    src/app/components/products/products.component.ts:263:11:
      263 │       text-decoration: none;
          ╵            ~~~~~~~~~~


✘ [ERROR] TS1005: ';' expected. [plugin angular-compiler]

    src/app/components/products/products.component.ts:263:21:
      263 │       text-decoration: none;
          ╵                      ^


✘ [ERROR] TS2304: Cannot find name 'none'. [plugin angular-compiler]

    src/app/components/products/products.component.ts:263:23:
      263 │       text-decoration: none;
          ╵                        ~~~~


✘ [ERROR] TS2304: Cannot find name 'border'. [plugin angular-compiler]

    src/app/components/products/products.component.ts:264:6:
      264 │       border-radius: 4px;
          ╵       ~~~~~~


✘ [ERROR] TS2304: Cannot find name 'radius'. [plugin angular-compiler]

    src/app/components/products/products.component.ts:264:13:
      264 │       border-radius: 4px;
          ╵              ~~~~~~


✘ [ERROR] TS1005: ';' expected. [plugin angular-compiler]

    src/app/components/products/products.component.ts:264:19:
      264 │       border-radius: 4px;
          ╵                    ^


✘ [ERROR] TS1351: An identifier or keyword cannot immediately follow a numeric literal. [plugin angular-compiler]

    src/app/components/products/products.component.ts:264:22:
      264 │       border-radius: 4px;
          ╵                       ~~


✘ [ERROR] TS2304: Cannot find name 'px'. [plugin angular-compiler]

    src/app/components/products/products.component.ts:264:22:
      264 │       border-radius: 4px;
          ╵                       ~~


✘ [ERROR] TS1434: Unexpected keyword or identifier. [plugin angular-compiler]

    src/app/components/products/products.component.ts:265:18:
      265 │       transition: background 0.2s;
          ╵                   ~~~~~~~~~~


✘ [ERROR] TS2304: Cannot find name 'background'. [plugin angular-compiler]

    src/app/components/products/products.component.ts:265:18:
      265 │       transition: background 0.2s;
          ╵                   ~~~~~~~~~~


✘ [ERROR] TS1005: ';' expected. [plugin angular-compiler]

    src/app/components/products/products.component.ts:265:32:
      265 │       transition: background 0.2s;
          ╵                                 ^


✘ [ERROR] TS1351: An identifier or keyword cannot immediately follow a numeric literal. [plugin angular-compiler]

    src/app/components/products/products.component.ts:265:32:
      265 │       transition: background 0.2s;
          ╵                                 ^


✘ [ERROR] TS2304: Cannot find name 's'. [plugin angular-compiler]

    src/app/components/products/products.component.ts:265:32:
      265 │       transition: background 0.2s;
          ╵                                 ^


✘ [ERROR] TS1128: Declaration or statement expected. [plugin angular-compiler]

    src/app/components/products/products.component.ts:268:4:
      268 │     .details-btn:hover {
          ╵     ^


✘ [ERROR] TS2304: Cannot find name 'details'. [plugin angular-compiler]

    src/app/components/products/products.component.ts:268:5:
      268 │     .details-btn:hover {
          ╵      ~~~~~~~


✘ [ERROR] TS2304: Cannot find name 'btn'. [plugin angular-compiler]

    src/app/components/products/products.component.ts:268:13:
      268 │     .details-btn:hover {
          ╵              ~~~


✘ [ERROR] TS1005: ';' expected. [plugin angular-compiler]

    src/app/components/products/products.component.ts:268:16:
      268 │     .details-btn:hover {
          ╵                 ^


✘ [ERROR] TS1434: Unexpected keyword or identifier. [plugin angular-compiler]

    src/app/components/products/products.component.ts:268:17:
      268 │     .details-btn:hover {
          ╵                  ~~~~~


✘ [ERROR] TS2304: Cannot find name 'hover'. [plugin angular-compiler]

    src/app/components/products/products.component.ts:268:17:
      268 │     .details-btn:hover {
          ╵                  ~~~~~


✘ [ERROR] TS1127: Invalid character. [plugin angular-compiler]

    src/app/components/products/products.component.ts:269:18:
      269 │       background: #0052a3;
          ╵                   ^


✘ [ERROR] TS1121: Octal literals are not allowed. Use the syntax '0o52'. [plugin angular-compiler]

    src/app/components/products/products.component.ts:269:19:
      269 │       background: #0052a3;
          ╵                    ~~~~


✘ [ERROR] TS1005: ';' expected. [plugin angular-compiler]

    src/app/components/products/products.component.ts:269:23:
      269 │       background: #0052a3;
          ╵                        ~~


✘ [ERROR] TS2304: Cannot find name 'a3'. [plugin angular-compiler]

    src/app/components/products/products.component.ts:269:23:
      269 │       background: #0052a3;
          ╵                        ~~


✘ [ERROR] TS1005: ',' expected. [plugin angular-compiler]

    src/app/components/products/products.component.ts:272:21:
      272 │     @media (max-width: 768px) {
          ╵                      ^


✘ [ERROR] TS1351: An identifier or keyword cannot immediately follow a numeric literal. [plugin angular-compiler]

    src/app/components/products/products.component.ts:272:26:
      272 │     @media (max-width: 768px) {
          ╵                           ~~


✘ [ERROR] TS1146: Declaration expected. [plugin angular-compiler]

    src/app/components/products/products.component.ts:272:29:
      272 │     @media (max-width: 768px) {
          ╵                              ^


✘ [ERROR] TS1128: Declaration or statement expected. [plugin angular-compiler]

    src/app/components/products/products.component.ts:273:6:
      273 │       .products-grid {
          ╵       ^


✘ [ERROR] TS2304: Cannot find name 'products'. [plugin angular-compiler]

    src/app/components/products/products.component.ts:273:7:
      273 │       .products-grid {
          ╵        ~~~~~~~~


✘ [ERROR] TS2304: Cannot find name 'grid'. [plugin angular-compiler]

    src/app/components/products/products.component.ts:273:16:
      273 │       .products-grid {
          ╵                 ~~~~


✘ [ERROR] TS1005: ';' expected. [plugin angular-compiler]

    src/app/components/products/products.component.ts:273:21:
      273 │       .products-grid {
          ╵                      ^


✘ [ERROR] TS2304: Cannot find name 'grid'. [plugin angular-compiler]

    src/app/components/products/products.component.ts:274:8:
      274 │         grid-template-columns: 1fr;
          ╵         ~~~~


✘ [ERROR] TS2304: Cannot find name 'template'. [plugin angular-compiler]

    src/app/components/products/products.component.ts:274:13:
      274 │         grid-template-columns: 1fr;
          ╵              ~~~~~~~~


✘ [ERROR] TS2304: Cannot find name 'columns'. [plugin angular-compiler]

    src/app/components/products/products.component.ts:274:22:
      274 │         grid-template-columns: 1fr;
          ╵                       ~~~~~~~


✘ [ERROR] TS1005: ';' expected. [plugin angular-compiler]

    src/app/components/products/products.component.ts:274:29:
      274 │         grid-template-columns: 1fr;
          ╵                              ^


✘ [ERROR] TS1351: An identifier or keyword cannot immediately follow a numeric literal. [plugin angular-compiler]

    src/app/components/products/products.component.ts:274:32:
      274 │         grid-template-columns: 1fr;
          ╵                                 ~~


✘ [ERROR] TS2304: Cannot find name 'fr'. [plugin angular-compiler]

    src/app/components/products/products.component.ts:274:32:
      274 │         grid-template-columns: 1fr;
          ╵                                 ~~


✘ [ERROR] TS2695: Left side of comma operator is unused and has no side effects. [plugin angular-compiler]

    src/app/components/products/products.component.ts:277:2:
      277 │   `]
          ╵   ~~


✘ [ERROR] TS1109: Expression expected. [plugin angular-compiler]

    src/app/components/products/products.component.ts:703:2:
      703 │   ],
          ╵   ^


✘ [ERROR] TS1128: Declaration or statement expected. [plugin angular-compiler]

    src/app/components/products/products.component.ts:703:3:
      703 │   ],
          ╵    ^


✘ [ERROR] TS1128: Declaration or statement expected. [plugin angular-compiler]

    src/app/components/products/products.component.ts:704:0:
      704 │ })
          ╵ ^


✘ [ERROR] TS1128: Declaration or statement expected. [plugin angular-compiler]

    src/app/components/products/products.component.ts:704:1:
      704 │ })
          ╵  ^


✘ [ERROR] TS-992007: Class is using Angular features but is not decorated. Please add an explicit Angular decorator. [plugin angular-compiler]

    src/app/components/products/products.component.ts:705:13:
      705 │ export class ProductsComponent implements OnInit {
          ╵              ~~~~~~~~~~~~~~~~~


✘ [ERROR] Unexpected ";"

    src/app/components/products/products.component.ts:21:17:
      21 │     width: 100 % ;
         ╵                  ^
